<?xml version="1.0" encoding="UTF-8"?>
<testng-results skipped="0" failed="0" total="1" passed="1">
  <reporter-output>
  </reporter-output>
  <suite name="Default suite" duration-ms="12587" started-at="2018-05-22T10:04:31Z" finished-at="2018-05-22T10:04:43Z">
    <groups>
    </groups>
    <test name="Default test" duration-ms="12587" started-at="2018-05-22T10:04:31Z" finished-at="2018-05-22T10:04:43Z">
      <class name="seleniumnaveenprj.Screenshot">
        <test-method status="PASS" signature="TestJavaS1()[pri:0, instance:seleniumnaveenprj.Screenshot@198378d]" name="TestJavaS1" duration-ms="12573" started-at="2018-05-22T15:34:31Z" finished-at="2018-05-22T15:34:43Z">
          <reporter-output>
          </reporter-output>
        </test-method> <!-- TestJavaS1 -->
      </class> <!-- seleniumnaveenprj.Screenshot -->
    </test> <!-- Default test -->
  </suite> <!-- Default suite -->
</testng-results>
